e2e 9.3 3
e2e 9.2 8
e2e 8.9 21
e2e 8.7 69
e2e 6.8 7518
e2e 9 20
e2e 7.8 532
e2e 6.7 6633
e2e 7.1 9186
e2e 7.7 1064
e2e 5.2 11
e2e 6.4 3184
e2e 5.3 83
e2e 7.3 7553
e2e 5.7 1770
e2e 8.8 92
e2e 6.5 4259
e2e 6.1 1890
e2e 5.6 1645
e2e 6 1661
e2e 7.9 306
e2e 6.2 2121
e2e 7.6 1905
e2e 5.5 493
e2e 5.8 1379
e2e 7.5 3697
e2e 5.9 1442
e2e 6.3 2469
e2e 8.3 111
e2e 7.4 5759
e2e 8.4 92
e2e 7.2 8222
e2e 9.1 13
e2e 8.6 144
e2e 8 166
e2e 5.4 165
e2e 6.9 8695
e2e 8.2 105
e2e 8.5 209
e2e 7 9659
e2e 8.1 122
e2e 6.6 5524
fb 8.9 1
fb 8.7 45
fb 6.8 7736
fb 7.8 310
fb 6.7 6681
fb 7.1 9553
fb 7.7 728
fb 6.4 3376
fb 5.2 17
fb 5.3 105
fb 7.3 7416
fb 5.7 1704
fb 8.8 67
fb 6.5 4453
fb 6.1 2014
fb 5.6 1813
fb 6 1789
fb 7.9 87
fb 6.2 2205
fb 7.6 1456
fb 5.5 607
fb 5.8 1339
fb 7.5 3085
fb 5.9 1480
fb 6.3 2626
fb 8.3 40
fb 7.4 5312
fb 8.4 35
fb 7.2 8448
fb 8.6 104
fb 8 38
fb 5.4 170
fb 6.9 9249
fb 8.2 17
fb 8.5 173
fb 7 10114
fb 8.1 13
fb 6.6 5594
