e2e 10.2 6
e2e 9.7 18
e2e 9.9 1008
e2e 5.4 955795
e2e 6.7 6205049
e2e 6.2 3299178
e2e 5.5 4171779
e2e 7.6 256879
e2e 5.6 10582406
e2e 6.3 3354342
e2e 8.3 1181419
e2e 7.4 724589
e2e 8.1 357426
e2e 5.8 4735545
e2e 6.4 3600836
e2e 7.1 4131610
e2e 7.7 170970
e2e 6 3221700
e2e 5.2 514979
e2e 8.8 24873
e2e 9.4 307
e2e 8 133490
e2e 9.8 255
e2e 9.1 764973
e2e 5.7 7882878
e2e 8.4 539842
e2e 7.2 2487831
e2e 7.9 300196
e2e 8.5 104232
e2e 5.3 832999
e2e 8.2 523556
e2e 6.6 5055112
e2e 6.5 4181438
e2e 6.9 6833513
e2e 6.8 6955712
e2e 7.3 1383234
e2e 7 5767817
e2e 7.5 394277
e2e 5.1 121951
e2e 9.6 294
e2e 6.1 3299916
e2e 7.8 1016433
e2e 9 181686
e2e 8.7 44019
e2e 9.2 63107
e2e 8.9 5003
e2e 5.9 3545567
e2e 9.3 1292
e2e 9.5 46242
e2e 8.6 42182
e2e 5 239
fb 10.2 6
fb 9.7 11
fb 9.9 1006
fb 5.4 975135
fb 6.7 6309654
fb 6.2 3264116
fb 7.6 164308
fb 5.5 5726462
fb 7.2 2335367
fb 7.1 4017754
fb 6.4 3553313
fb 7.7 101638
fb 6 3176535
fb 5.2 622151
fb 6.3 3280771
fb 8.3 1168868
fb 7.4 561043
fb 8.1 333913
fb 5.8 4058256
fb 8.8 20262
fb 9.4 238
fb 8.4 495330
fb 5.7 7037774
fb 8 95927
fb 9.8 251
fb 9.1 766144
fb 5.6 11674073
fb 7.9 249281
fb 8.5 69275
fb 5.3 864160
fb 8.2 512738
fb 6.6 5120850
fb 6.5 4184018
fb 6.9 6849328
fb 6.8 7047720
fb 7.3 1207335
fb 7 5730122
fb 7.5 266502
fb 5.1 211680
fb 9.6 208
fb 6.1 3386872
fb 7.8 969827
fb 9 183804
fb 8.7 37510
fb 9.2 58647
fb 8.9 2565
fb 5.9 3230868
fb 9.3 875
fb 9.5 46286
fb 8.6 26245
fb 5 2978
