e2e 10.5 29
e2e 10 1
e2e 9.7 14
e2e 9.9 887
e2e 10.2 148
e2e 6.4 2631704
e2e 7.7 151112
e2e 7.1 8436841
e2e 6.3 2390368
e2e 8.2 198356
e2e 5.3 801018
e2e 5.2 630611
e2e 6 2815119
e2e 5.4 843022
e2e 5.5 6650508
e2e 7.3 2860559
e2e 5.6 11550572
e2e 8 105590
e2e 5 752
e2e 8.6 43329
e2e 9.8 439
e2e 9.1 431146
e2e 9 101529
e2e 8.3 398614
e2e 7.4 1163309
e2e 6.2 2425227
e2e 7.9 246811
e2e 5.8 3874111
e2e 8.1 186712
e2e 6.9 6385845
e2e 6.6 3713865
e2e 6.5 3171451
e2e 8.8 4768
e2e 9.4 220
e2e 8.4 351883
e2e 5.7 6873942
e2e 8.5 107834
e2e 7.6 214914
e2e 6.7 4072561
e2e 6.8 4677528
e2e 7.2 5587613
e2e 7 8685498
e2e 7.5 423289
e2e 5.1 238599
e2e 8.7 15472
e2e 9.2 69098
e2e 5.9 2981448
e2e 9.3 955
e2e 8.9 2422
e2e 7.8 698410
e2e 6.1 2737511
e2e 9.6 431
e2e 9.5 46005
fb 10.5 29
fb 9.7 6
fb 9.9 880
fb 6.4 2569875
fb 7.7 63841
fb 7.1 8372127
fb 6.3 2275299
fb 9.3 466
fb 5.9 2696274
fb 8.2 172440
fb 5.3 792525
fb 5.2 704921
fb 6 2835253
fb 5.4 901685
fb 5.5 8767509
fb 7.3 2701401
fb 5.6 12189289
fb 8 55714
fb 9.8 437
fb 9.1 431776
fb 9 103528
fb 8.3 381751
fb 7.4 1026433
fb 6.2 2282189
fb 7.9 185188
fb 5.8 3238655
fb 8.1 149746
fb 6.9 6572558
fb 6.6 3721671
fb 6.5 3151434
fb 9.6 304
fb 7.8 633830
fb 6.1 2708412
fb 8.8 1030
fb 9.4 129
fb 8.4 330517
fb 5.7 5828043
fb 8.5 85873
fb 7.6 108344
fb 6.7 4097959
fb 6.8 4787795
fb 7.2 5431893
fb 7 8825742
fb 7.5 301881
fb 5.1 353496
fb 8.7 7627
fb 9.5 46086
fb 9.2 65175
fb 10.2 148
fb 8.6 29857
fb 5 10410
fb 8.9 549
