e2e 9.3 10
e2e 9.2 7
e2e 8.9 20
e2e 8.7 44
e2e 9 17
e2e 7.8 1363
e2e 6.8 7819
e2e 7.6 1361
e2e 7 9742
e2e 7.3 5458
e2e 7.2 6993
e2e 7.9 563
e2e 5.8 1619
e2e 7.4 3633
e2e 8.3 155
e2e 6.9 8982
e2e 8.2 169
e2e 9.4 2
e2e 8.8 73
e2e 6.5 4830
e2e 6.1 2188
e2e 5.7 2069
e2e 6 1869
e2e 5.3 20
e2e 8.5 256
e2e 6.2 2654
e2e 6.7 6989
e2e 5.6 2077
e2e 9.1 5
e2e 8.6 138
e2e 8 460
e2e 5.5 569
e2e 5.4 92
e2e 7.5 1987
e2e 5.9 1813
e2e 6.3 3189
e2e 8.4 115
e2e 5.2 1
e2e 7.7 1463
e2e 7.1 8856
e2e 6.4 3890
e2e 8.1 482
e2e 6.6 5958
fb 8.7 22
fb 7.8 1303
fb 6.8 8071
fb 7.6 1038
fb 7 10134
fb 7.3 5162
fb 7.2 6919
fb 7.9 443
fb 5.8 1589
fb 7.4 3126
fb 8.3 48
fb 6.9 9482
fb 8.2 69
fb 8.8 47
fb 6.5 5000
fb 6.1 2346
fb 5.7 1955
fb 6 2032
fb 5.3 33
fb 8.5 210
fb 6.2 2872
fb 6.7 7078
fb 5.6 2312
fb 8.6 102
fb 8 387
fb 5.5 725
fb 5.4 112
fb 7.5 1388
fb 5.9 1820
fb 6.3 3335
fb 8.4 39
fb 5.2 1
fb 7.7 1340
fb 7.1 8995
fb 6.4 4071
fb 8.1 346
fb 6.6 6048
