20899 624222434 1000
26267 922923009 1000
32845 1092277530 1000
30698 1172991711 1000
29546 932689150 1000
18708 692018561 1000
25864 875555916 1000
33868 1008331078 1000
33745 1314468661 1000
26873 897122431 1000
28416 886555132 1000
24966 885041578 1000
35399 1163366613 1000
24903 782001858 1000
26245 917600582 1000
23833 967035483 1000
31633 987589892 1000
33559 1082482928 1000
20300 755996517 1000
29031 965991728 1000
19321 827715440 1000
31060 987711647 1000
36854 1236299059 1000
26373 1069845670 1000
28851 864366440 1000
25082 844003500 1000
31849 1050028898 1000
34796 1186457623 1000
27603 904600367 1000
27204 862334632 1000
30875 978553091 1000
37545 1238259322 1000
24955 909396602 1000
30853 992459646 1000
28887 995746272 1000
38321 1193846596 1000
28922 1106339312 1000
32139 996886719 1000
28368 994636665 1000
28097 945352884 1000
32574 1184113779 1000
33794 1121507504 1000
18766 749050630 1000
27115 921312478 1000
24510 813369267 1000
30574 1010187215 1000
34465 1111085543 1000
25541 1052761693 1000
29327 968271271 1000
29419 956745834 1000
38460 1212631133 1000
24002 924862607 1000
25274 844769198 1000
29400 994196698 1000
34677 1171998092 1000
34860 1228775505 1000
22982 825681592 1000
26943 861600161 1000
29540 1073453758 1000
38052 1162907593 1000
23698 904493368 1000
26021 829951479 1000
25278 1122679933 1000
28569 986656571 1000
34624 1142889273 1000
36134 1198072793 1000
24578 868388309 1000
21739 782185077 1000
29897 1002098844 1000
31312 1133775572 1000
25589 1004244252 1000
23874 830049073 1000
24054 922052713 1000
31094 911109380 1000
33304 1147625517 1000
25517 1028792434 1000
27479 856880392 1000
20539 786475758 1000
37112 1108092671 1000
33826 1290733120 1000
28171 1001632789 1000
19815 658461143 1000
27154 894334987 1000
36358 1144340359 1000
33067 1074981502 1000
21923 804449040 1000
24438 760621708 1000
38447 1098656409 1000
36868 1261324684 1000
26418 961412016 1000
30085 941727478 1000
37823 1054393130 1000
38513 1257575448 1000
24899 900785833 1000
26546 962947824 1000
25402 847552037 1000
34814 1040176934 1000
31595 1126126156 1000
28822 909378924 1000
19086 767048581 1000
27906 1027928080 1000
35908 1142810602 1000
28996 1204464082 1000
27842 918874388 1000
27249 1092854502 1000
39919 1214344710 1000
31448 1188008593 1000
27226 936579599 1000
24037 927274489 1000
27045 970951930 1000
34324 1094140866 1000
32409 1120268745 1000
24381 968551862 1000
23326 956562129 1000
23009 798072351 1000
24238 848077320 1000
34457 1171153814 1000
31083 1161142065 1000
37792 1235786587 1000
20745 809078443 1000
22668 849041705 1000
20820 787365807 1000
30471 1006925868 1000
24404 796922719 1000
32379 956823268 1000
21766 837873932 1000
31455 1063691071 1000
37489 1187471303 1000
31183 1211347756 1000
18907 729516152 1000
14403 543209348 1000
22147 826202185 1000
23056 810837281 1000
31861 899166581 1000
38285 1183859997 1000
28179 1052264416 1000
16947 693992261 1000
23985 994200411 1000
21773 816146477 1000
29469 959822494 1000
34916 1134323679 1000
29056 1186602282 1000
20877 826242424 1000
23952 892393569 1000
21692 819662988 1000
23728 857961621 1000
42198 1187662848 1000
30765 1145671790 1000
27038 881087618 1000
24113 869503872 1000
20660 767664087 1000
33230 1057239836 1000
33724 1037898581 1000
25985 993766261 1000
27542 975040327 1000
27376 956016860 1000
27105 869132274 1000
35075 1135026991 1000
30274 1087071361 1000
23803 869034301 1000
24559 798973352 1000
30372 961773724 1000
35668 1078053207 1000
31637 1237516701 1000
25685 909284519 1000
22818 836891058 1000
23392 786289510 1000
21302 825307354 1000
28101 939451093 1000
37086 1104660927 1000
26227 1092108969 1000
23643 954583631 1000
22832 835250927 1000
24246 968408463 1000
29782 933277708 1000
37719 1144260052 1000
29781 1167179448 1000
22530 939727420 1000
22907 850366565 1000
23008 838142418 1000
29455 974206905 1000
39084 1177687057 1000
27980 1005149573 1000
22448 977422829 1000
24320 882298122 1000
25024 838260834 1000
39804 1159228832 1000
28428 959213517 1000
25156 893986357 1000
25492 908295617 1000
31800 914847802 1000
29567 1069325837 1000
39027 1196315908 1000
25431 939008340 1000
23352 794609706 1000
28899 1077062878 1000
35467 1096962537 1000
37855 1235110801 1000
25550 1052380547 1000
22842 749942766 1000
26467 857032901 1000
33271 1077933053 1000
34333 1095059495 1000
25580 985488345 1000
22370 746967031 1000
23956 916158273 1000
32523 1032025463 1000
34009 1111861885 1000
28595 1164218914 1000
23162 894706648 1000
22178 864346545 1000
23112 763448256 1000
30625 1017201292 1000
32803 1017269182 1000
28842 1196045479 1000
20006 624349318 1000
23846 846434790 1000
20208 747806885 1000
31943 935102775 1000
34280 1191852494 1000
30550 1026104679 1000
33270 1185865087 1000
20025 888025540 1000
23970 767411609 1000
26009 935307213 1000
22513 819758543 1000
38844 1264737819 1000
33514 1078227889 1000
27059 918197399 1000
27082 855367658 1000
32920 1005615496 1000
39542 1111696140 1000
27969 1029092375 1000
28947 945599381 1000
29401 869358517 1000
48561 1182739106 1000
33016 1141079465 1000
27870 947788274 1000
26589 837271490 1000
25523 797506547 1000
41624 1105524273 1000
35522 1234797113 1000
30604 958449357 1000
32172 986689435 1000
36206 1087856512 1000
40759 1202174131 1000
24942 965256884 1000
27246 918192162 1000
24967 842889102 1000
30646 921625224 1000
42025 1144236665 1000
30095 1245119298 1000
28301 930144544 1000
31539 1062193939 1000
33945 926809134 1000
43960 1188233908 1000
24710 977663116 1000
37791 1030212244 1000
33285 1134943651 1000
37693 1179232634 1000
32159 1262088093 1000
27711 1010235277 1000
23580 940681313 1000
30415 995579063 1000
32493 1160653513 1000
26344 855912748 1000
28245 1040123860 1000
40256 1131531670 1000
39050 1262434428 1000
30461 899248242 1000
27860 866865996 1000
29537 1035695809 1000
38449 1043304957 1000
34806 1215651204 1000
34023 945785071 1000
32768 1052189474 1000
36849 1071635048 1000
37304 1122159479 1000
31564 1026979955 1000
27927 935812777 1000
27341 912030005 1000
36764 1028388757 1000
40401 1156366888 1000
26247 1074837941 1000
31967 981365724 1000
32225 907084806 1000
29058 962508114 1000
39612 1203963196 1000
27693 877939737 1000
24697 918981290 1000
25785 848148905 1000
31179 944053172 1000
39015 1108760330 1000
30520 1051210113 1000
27625 852806615 1000
29927 1016791691 1000
33068 948858048 1000
40625 1196123464 1000
28263 1004131190 1000
27094 848239596 1000
34763 1058599756 1000
39057 1196647130 1000
34224 1120182314 1000
26047 841307699 1000
26614 827554716 1000
29475 948543043 1000
34176 1038464133 1000
37605 1106200824 1000
26003 794175965 1000
29620 980400446 1000
33407 1075692167 1000
31869 1023409042 1000
35317 1100664545 1000
25019 1001740744 1000
25675 938151569 1000
24549 792789188 1000
30563 1115935783 1000
26299 779324116 1000
29422 892361556 1000
31928 1040698976 1000
38620 1205606133 1000
37968 1188225532 1000
30612 1048990232 1000
31264 931690422 1000
31749 893640660 1000
42053 1189876054 1000
29114 1046344435 1000
33273 1066398983 1000
29062 1009637592 1000
41135 1094973559 1000
36566 1137728828 1000
25994 904217801 1000
29806 858133329 1000
33319 955560711 1000
41169 1250504632 1000
34595 1251925799 1000
31751 1149272793 1000
27277 972829765 1000
23733 879468089 1000
26728 973958917 1000
28582 864998803 1000
30813 903089682 1000
38716 1251568626 1000
32309 1053071717 1000
28231 982314762 1000
29039 940502507 1000
32977 930372090 1000
38504 1136933705 1000
28152 1069285239 1000
30353 974171446 1000
28269 864674463 1000
33435 963436896 1000
36501 1069494255 1000
30773 1154214784 1000
30194 933300986 1000
27320 883968743 1000
35811 1101828949 1000
35459 1206634396 1000
28661 998769170 1000
27508 887453419 1000
27382 859269730 1000
34384 1088563266 1000
35683 1142281146 1000
34960 1186249182 1000
25206 1034838627 1000
25342 866712958 1000
21388 882468344 1000
32057 1025006960 1000
24913 876805617 1000
24555 897877580 1000
26171 956262372 1000
28474 1097275738 1000
26631 945415729 1000
28132 925029241 1000
32493 909435397 1000
40534 1151242556 1000
36883 1226496476 1000
26260 824591054 1000
24163 732423732 1000
39035 1100777143 1000
37581 1176512295 1000
26780 1115014216 1000
23797 1005865012 1000
26267 909559885 1000
32424 1174937191 1000
27810 1056220255 1000
23441 829171272 1000
27450 1026427169 1000
32818 1057334151 1000
28857 937930645 1000
23409 753447716 1000
33996 980711706 1000
43720 1177103488 1000
36498 1279126554 1000
28011 1098125333 1000
24504 941174304 1000
26933 976908814 1000
28031 1003528347 1000
25704 986594748 1000
25011 990434711 1000
36134 1135173704 1000
27346 1023644389 1000
24813 886120308 1000
25948 884811183 1000
28970 948885778 1000
37657 1161695906 1000
31888 1134178750 1000
30555 1138102969 1000
24311 946768874 1000
20662 866577542 1000
28984 1038985369 1000
30717 990018577 1000
26560 1027848937 1000
26493 952333885 1000
30517 1161585654 1000
25280 924102219 1000
23978 724711129 1000
32066 1116120270 1000
34816 1223931996 1000
23454 1068009182 1000
18734 770462852 1000
29952 1021666394 1000
26179 877438300 1000
29230 939889072 1000
38180 1093721656 1000
41064 1195571099 1000
37647 1128586915 1000
35421 1282195545 1000
24012 1100573445 1000
25585 834491021 1000
36550 1013125714 1000
41348 1185160290 1000
28865 1189572818 1000
22355 723471228 1000
26711 898956003 1000
36169 1127155024 1000
31690 1028017803 1000
28365 794707921 1000
22614 732342124 1000
40845 1250980102 1000
32484 1218417232 1000
31188 1105497794 1000
21835 1006506080 1000
23049 852558546 1000
25232 835480742 1000
32757 973032461 1000
25616 920922836 1000
20614 748014048 1000
25152 906659178 1000
25756 894797617 1000
29355 998291976 1000
30482 904235469 1000
28769 958788302 1000
24751 924754429 1000
24948 844610269 1000
34787 1014773328 1000
29057 993299986 1000
22068 808510382 1000
22986 800382450 1000
26436 913348226 1000
27620 862726931 1000
32817 1046005848 1000
23766 981559597 1000
25966 879064269 1000
18902 757639761 1000
35249 1032415482 1000
29968 1091442903 1000
29638 955247823 1000
23292 811159217 1000
21052 817267745 1000
34560 1154194257 1000
35749 1232185707 1000
22399 924149351 1000
22041 1075528198 1000
26579 880830816 1000
37104 1136432764 1000
34421 1337259603 1000
25691 1003256681 1000
30824 1071501202 1000
29053 1130473599 1000
31409 1093013948 1000
35587 1160302603 1000
35525 1182795909 1000
22974 996113712 1000
27189 967701371 1000
22754 847800113 1000
30766 965499587 1000
32427 1127959120 1000
27697 1275266188 1000
21960 807834495 1000
23110 873945780 1000
22034 796672415 1000
35297 1089284671 1000
34107 1099010115 1000
25794 985046579 1000
25369 840364512 1000
23967 838608614 1000
38019 1160635731 1000
32858 1164509516 1000
27018 987068772 1000
31758 1033518051 1000
35402 1115065215 1000
31882 1120350774 1000
21796 859937053 1000
18554 724598111 1000
20733 758246091 1000
26407 919580497 1000
36066 1099474015 1000
26652 1103196190 1000
27260 1011962006 1000
25612 1339821782 1000
29183 906857126 1000
39424 1199237952 1000
27808 965532126 1000
25204 909464778 1000
23032 783652386 1000
30842 996421304 1000
34324 1110201559 1000
30324 1180540186 1000
20934 807673085 1000
21638 771008964 1000
22526 891070250 1000
29536 1095438307 1000
35779 1191245755 1000
20877 883445386 1000
23390 937294078 1000
31836 1028548459 1000
26516 1017687259 1000
21082 909381730 1000
27560 960925934 1000
29294 1017134943 1000
26303 1062791685 1000
24735 834381656 1000
24380 970808890 1000
33924 1081680950 1000
22575 919352628 1000
24017 925464321 1000
22153 879357432 1000
30164 1000943013 1000
37743 1141111145 1000
21403 874942678 1000
26165 1114204259 1000
24445 857480270 1000
35452 1214253434 1000
33141 1138146092 1000
25543 810893075 1000
20953 683806491 1000
29263 958677535 1000
35938 1107911050 1000
24629 819281879 1000
24905 757599243 1000
32711 1002519623 1000
40768 1204813346 1000
27230 1056031777 1000
25668 911818312 1000
28161 835404649 1000
36514 1054597923 1000
28056 992529639 1000
25512 821626275 1000
27599 829341408 1000
39737 1144761760 1000
30493 1126922663 1000
24995 866266012 1000
27235 920307608 1000
32197 1071612545 1000
35368 1087224582 1000
24116 748685296 1000
28245 921557043 1000
31106 852593834 1000
40253 1105709652 1000
25555 1022688141 1000
20000 790554601 1000
30547 886868719 1000
41479 1195606556 1000
28390 969628031 1000
25135 916810325 1000
20267 654535122 1000
35241 1007412239 1000
35450 1075960408 1000
29275 893985502 1000
25920 825606513 1000
37484 1036421990 1000
34917 1285637071 1000
28613 945657878 1000
26785 832869545 1000
27215 868784019 1000
42902 1123379365 1000
22034 822741226 1000
22321 828476775 1000
27557 921612082 1000
36146 969677312 1000
34944 1099942743 1000
24563 868967810 1000
26194 797896445 1000
42754 1221057826 1000
32918 1163965253 1000
26016 932940772 1000
28503 955951511 1000
38189 1080498545 1000
38610 1222118872 1000
27526 858844873 1000
25805 845585392 1000
38791 1067740845 1000
32193 1079583363 1000
25306 874723070 1000
34034 1137224288 1000
38330 1045501920 1000
39199 1134213780 1000
26072 1094472232 1000
27475 968837606 1000
31253 946255876 1000
40301 1117864923 1000
36248 1207161822 1000
23485 954060706 1000
27728 959169383 1000
39342 1144344897 1000
35915 1193715540 1000
26331 897600865 1000
21894 801495209 1000
26913 906502142 1000
38207 1165630927 1000
28839 1041685445 1000
27174 937916182 1000
29081 901227145 1000
38412 1038297954 1000
24782 1067080336 1000
26120 836517979 1000
27953 979049063 1000
38067 1015519150 1000
31127 969445489 1000
22180 857519674 1000
27150 914879076 1000
32354 1023226695 1000
38362 1141712193 1000
32211 1182219471 1000
26496 859638164 1000
26844 799026055 1000
30114 1205896643 1000
31798 1124438715 1000
28696 903207137 1000
25748 817969877 1000
32761 1077319325 1000
30699 913870910 1000
25688 890970899 1000
27154 874625621 1000
36025 1031819596 1000
38548 1148870264 1000
30957 1166430568 1000
29946 1111061232 1000
32470 1013626460 1000
37722 1161921658 1000
29438 968392139 1000
28011 818615335 1000
39003 1097681361 1000
36820 1264293314 1000
28543 881739375 1000
28363 928516313 1000
35998 978138301 1000
31268 1048850484 1000
32600 1129972542 1000
30177 1010674277 1000
40187 1152232177 1000
32144 1074386617 1000
24508 909092082 1000
24192 778637977 1000
32962 961237978 1000
28534 895863152 1000
22887 783511677 1000
26924 925150125 1000
25823 889641542 1000
38147 1067289344 1000
29743 1022440905 1000
24927 870614395 1000
26541 955530418 1000
26763 850650992 1000
38513 1115660905 1000
26626 922743842 1000
30324 1056043756 1000
30067 1021818528 1000
32607 939853239 1000
30546 1166071755 1000
20369 938782068 1000
23470 834987487 1000
31532 1195040685 1000
24322 1091775169 1000
22194 800007959 1000
26230 946786543 1000
28096 1007254729 1000
27874 934168704 1000
27738 1034378612 1000
33131 1123722269 1000
26095 1044562114 1000
26497 1022319173 1000
24786 959484700 1000
29492 1033146851 1000
24639 956812260 1000
25847 967648927 1000
33471 1163302941 1000
27852 1158255002 1000
22379 810621009 1000
24628 1033474276 1000
32749 1051517714 1000
24522 1005459456 1000
24604 970872789 1000
30400 956946980 1000
35499 1236674693 1000
23371 904810967 1000
23537 950995890 1000
33825 1172457730 1000
21623 1013881012 1000
24479 836415943 1000
24387 809458696 1000
32634 1291755192 1000
24495 919282409 1000
25203 901031530 1000
29637 966982773 1000
33974 1166374682 1000
22142 892738366 1000
24054 1073531073 1000
35184 1186087011 1000
23472 941169734 1000
25620 904389832 1000
32673 1074865083 1000
28323 1049961418 1000
23312 971600232 1000
21361 757287339 1000
31718 1217879128 1000
26283 1083746700 1000
25614 943798414 1000
29857 1115908916 1000
33381 1120213196 1000
22499 1028223322 1000
20319 920470203 1000
28189 1042294203 1000
27560 1146947896 1000
24958 839537593 1000
24433 941418921 1000
31077 1119469220 1000
31405 1205731098 1000
25126 950775591 1000
30695 998546873 1000
28502 1065071725 1000
24578 1014403487 1000
29954 1086716589 1000
29979 1093136570 1000
29293 1101465589 1000
26774 824616507 1000
32141 1148295946 1000
24264 1101741198 1000
18802 652918761 1000
29602 1040020088 1000
31606 1121737960 1000
28680 988158808 1000
24164 849833316 1000
24907 925688945 1000
34329 1206649556 1000
22505 930266703 1000
26777 942525347 1000
34560 1141557458 1000
26036 1091676246 1000
22355 912619591 1000
31712 1025236233 1000
28475 1191188540 1000
28162 914190343 1000
28866 1075323006 1000
32890 1214990285 1000
23403 877325877 1000
23168 787678716 1000
24104 823833719 1000
34149 925234967 1000
31280 1020869259 1000
22752 835214249 1000
28373 1015623137 1000
29146 885365166 1000
39182 1087430512 1000
27604 958442328 1000
27564 952016063 1000
31560 964172886 1000
31021 1012617098 1000
30502 983060556 1000
26429 978767593 1000
26086 858135078 1000
35137 1044166659 1000
35450 1153589216 1000
23672 1068234494 1000
26405 890731279 1000
31009 1092946747 1000
33049 1027929837 1000
27345 1126543633 1000
18252 770742417 1000
28996 1011975006 1000
30767 1147495513 1000
28492 1050091696 1000
26572 1051287976 1000
38502 1164323396 1000
28427 1063720841 1000
25563 922966262 1000
25250 786952650 1000
36004 1203085081 1000
28715 1187490000 1000
26370 1030554598 1000
25949 1017103662 1000
33113 1142260627 1000
27089 884515489 1000
23593 890095641 1000
30044 1012246347 1000
30169 1066963697 1000
28352 1096684612 1000
27247 872256106 1000
26395 947910193 1000
32026 1196809415 1000
26698 1073146519 1000
25285 921000865 1000
22547 833781838 1000
35382 1148842916 1000
31003 1149399821 1000
28065 923235601 1000
30650 1056492269 1000
36054 1174916248 1000
25771 1012718579 1000
25238 918476193 1000
24866 887979412 1000
35677 1153460262 1000
22246 982081069 1000
27747 1051835431 1000
24944 827811743 1000
35084 1197180477 1000
26791 1001024283 1000
26495 910218391 1000
25765 857242824 1000
32088 1027196534 1000
29230 1073759856 1000
24176 889531605 1000
25358 858934518 1000
34974 1127642560 1000
33506 1207895412 1000
28359 910996293 1000
29832 961575503 1000
29211 952829438 1000
29666 1320405459 1000
24869 999134921 1000
29534 948318412 1000
35153 1144039867 1000
29058 1040237207 1000
23099 936298666 1000
19623 635381275 1000
34297 1016338948 1000
31384 1259569916 1000
26949 1012599506 1000
26597 826367989 1000
33903 1151363117 1000
23931 941755302 1000
25355 1276101863 1000
20770 806468874 1000
29490 995904841 1000
33572 1167771439 1000
25497 987176273 1000
26055 987197249 1000
27308 908783030 1000
35308 1178988097 1000
23228 988144110 1000
26253 1009026415 1000
31777 948526913 1000
37871 1131347463 1000
29619 1130226097 1000
28153 959188324 1000
29793 1069907076 1000
33278 1207548395 1000
26159 879325783 1000
23070 954205013 1000
31478 1003972996 1000
34070 1243321118 1000
27034 1045203116 1000
23017 820738394 1000
33150 1088737487 1000
35324 1176437007 1000
26907 1131516347 1000
29388 1046940283 1000
32231 1020963563 1000
32175 1167690899 1000
24195 949675754 1000
22208 840757017 1000
36060 1093477077 1000
31498 1160987431 1000
23935 847035538 1000
27031 851982123 1000
32015 1094769439 1000
34550 1198947130 1000
27927 1003138357 1000
25854 1032413382 1000
24909 855623855 1000
28946 1069693116 1000
30548 1093360218 1000
20165 618208431 1000
23264 943282228 1000
27166 998659896 1000
26936 934723556 1000
27552 1001400167 1000
25119 931845643 1000
27962 891889277 1000
35011 1143918371 1000
24074 871980097 1000
23266 830870009 1000
34869 1156188991 1000
30954 993613622 1000
26795 935639330 1000
24177 911244205 1000
30904 977256395 1000
31991 1037351140 1000
25422 1086173497 1000
22441 767131826 1000
28521 1019980118 1000
33960 1143008939 1000
30938 1139523194 1000
26332 886130315 1000
27626 951703999 1000
33214 1139532332 1000
27062 1146972440 1000
26418 911788871 1000
29720 1072663678 1000
32632 1117353534 1000
24846 1049475052 1000
26364 965716656 1000
24553 869297037 1000
33767 1088929856 1000
29440 1185877766 1000
26416 985579169 1000
25687 929878812 1000
21303 783955775 1000
32761 1176657605 1000
27321 977315638 1000
25208 874814159 1000
33519 1075225112 1000
36340 1220485773 1000
27895 1037004005 1000
23727 867047859 1000
28999 950150357 1000
35340 1200783328 1000
29642 1197896037 1000
21543 862612895 1000
31506 1048835402 1000
33112 972101512 1000
21738 959657000 1000
24445 893962104 1000
27549 951502245 1000
34124 1174582133 1000
32883 1182944195 1000
26983 1079942253 1000
24817 906695643 1000
30427 1038552523 1000
33142 1251725410 1000
27951 995380500 1000
30156 933969931 1000
25588 941101989 1000
34989 1161884517 1000
32325 1137325030 1000
28703 1049102384 1000
23183 799492663 1000
36599 1162817779 1000
33225 1150821616 1000
23915 1008727590 1000
22215 767067741 1000
28600 1007749812 1000
33790 1152495795 1000
25478 1002353237 1000
23316 901383879 1000
26099 973826453 1000
35449 1101625565 1000
27888 1150012246 1000
28824 1200357606 1000
26560 924746569 1000
33598 1065467055 1000
29500 1222183062 1000
24017 850224756 1000
21728 858637805 1000
30554 1036305893 1000
36187 1119877593 1000
19969 920499778 1000
24203 932712898 1000
24922 798950527 1000
34043 1135622204 1000
29878 1097215175 1000
26178 978397312 1000
25265 920731915 1000
31351 1004861233 1000
30275 1196174874 1000
25778 934442662 1000
20735 871225657 1000
29048 912718566 1000
39210 1391654367 1000
28018 1172327536 1000
21748 843807279 1000
23256 942017322 1000
29038 887019987 1000
30173 1151691340 1000
22382 865181592 1000
22968 1072867553 1000
27259 911646212 1000
32063 1038135721 1000
30473 1128642887 1000
23175 857737593 1000
22296 804615564 1000
29255 897546702 1000
37217 1197400798 1000
20696 923194622 1000
23862 1045785454 1000
24062 831739804 1000
36701 1114195283 1000
30264 1175137821 1000
25120 1007396183 1000
22359 837356519 1000
34108 1061472504 1000
31015 1171848569 1000
22502 985619723 1000
21966 733704889 1000
29184 991022730 1000
34649 1091625301 1000
24654 985360881 1000
25333 906057506 1000
19324 751759510 1000
37215 1130801504 1000
33955 1206931790 1000
25310 984445469 1000
19602 726858679 1000
29835 975971623 1000
30680 1251293691 1000
24297 998801789 1000
27557 943548989 1000
32985 1185164486 1000
37643 1213227076 1000
29248 1061840395 1000
25700 901693964 1000
28548 875862902 1000
33492 1177891987 1000
33222 1247875746 1000
22389 882624145 1000
29362 1055009560 1000
35297 1160841831 1000
35828 1226851277 1000
28623 1147589401 1000
24936 979091626 1000
22524 805958754 1000
32897 1022794041 1000
34378 1149006592 1000
34302 1230386783 1000
21891 871765402 1000
29162 1021995759 1000
22724 753738666 1000
35673 1209787736 1000
36302 1194967481 1000
26728 1159457162 1000
19989 766358695 1000
24562 1012403925 1000
28821 890389873 1000
34986 1146441116 1000
32751 1248956293 1000
25314 937936176 1000
21185 801305555 1000
21845 862496686 1000
33806 1165833293 1000
32482 1152650470 1000
28689 1093292394 1000
17324 638893851 1000
26776 953089835 1000
25399 933176830 1000
37296 1171257212 1000
32241 1260463381 1000
25098 951987302 1000
26632 1051726436 1000
33711 1183656732 1000
31080 950245051 1000
32112 1157962688 1000
20812 875335816 1000
25073 992044609 1000
25273 952200411 1000
21112 880147943 1000
35495 1119659910 1000
32548 1188102190 1000
28283 1000348538 1000
23995 1003830847 1000
24602 907046530 1000
38155 1124396613 1000
35614 1223079480 1000
27132 1123745494 1000
23366 853634050 1000
25945 944229097 1000
27752 968490250 1000
33860 1212538608 1000
29160 1049615377 1000
27425 959172151 1000
34563 1168363398 1000
29266 1045026117 1000
20743 903289034 1000
24904 857176172 1000
22328 946395298 1000
25417 888803846 1000
33353 1131551777 1000
28198 1229779904 1000
30040 1210320534 1000
27435 932212438 1000
34657 1189465737 1000
34101 1182590679 1000
22112 1049651440 1000
23457 1019826363 1000
26132 1039822055 1000
33409 1175815747 1000
26975 957248570 1000
24999 924612029 1000
20269 878302705 1000
24316 841731308 1000
29590 1060024754 1000
35795 1216794167 1000
27607 989179170 1000
26160 890536300 1000
25237 1118932219 1000
33932 1193935690 1000
27571 1011996850 1000
22864 904174700 1000
29559 1101163985 1000
37177 1057204213 1000
38869 1251020334 1000
28453 980222803 1000
25805 909973029 1000
30250 960702154 1000
36077 1073638829 1000
31703 1126815683 1000
28118 891567158 1000
28368 892644846 1000
38821 1177656251 1000
28621 990654221 1000
28426 980456704 1000
27962 881747581 1000
40875 1207982218 1000
34936 1152948576 1000
28281 922297016 1000
22450 757693313 1000
36071 1056697932 1000
36918 1157383539 1000
27495 1062782055 1000
26186 806883320 1000
35764 1125021403 1000
39027 1177401816 1000
28066 1010959002 1000
34204 1127143836 1000
34801 998472579 1000
38275 1187638598 1000
25769 968130917 1000
25671 1003680286 1000
22435 758859982 1000
38719 1226667777 1000
31828 1127711544 1000
27622 1031716198 1000
26360 850586079 1000
37382 1101065366 1000
39072 1179411127 1000
34100 1244680025 1000
31482 912379676 1000
40336 1221622478 1000
33814 1161816975 1000
22224 868904382 1000
24543 985015930 1000
33578 1056366310 1000
37590 1091619140 1000
24672 887887549 1000
27758 913053393 1000
25464 789421015 1000
38378 1170923226 1000
28782 906716300 1000
26497 875098256 1000
21664 738606357 1000
36760 1033189775 1000
33690 1054473460 1000
26178 987361401 1000
26421 978216495 1000
27481 936471884 1000
29841 997973131 1000
33139 1097860054 1000
32285 1186660908 1000
25061 1012656541 1000
22315 819803524 1000
27979 1000621251 1000
32857 944339512 1000
35685 1150367553 1000
25821 1045438183 1000
38346 1097273793 1000
30594 1104837640 1000
25372 958724052 1000
26445 970187674 1000
35443 1007958163 1000
31499 1017419178 1000
26067 951417738 1000
26915 931925941 1000
25622 785068142 1000
39724 1129406554 1000
34179 1145444066 1000
26115 934545922 1000
24900 830586061 1000
34871 1037596548 1000
37671 1096080619 1000
31351 1258165916 1000
23387 827097890 1000
35778 1131193208 1000
30552 1101355836 1000
27615 950694479 1000
29343 966162665 1000
34691 1197137520 1000
25765 898688640 1000
25841 941344554 1000
24230 842633818 1000
28935 1004213470 1000
35068 1133798715 1000
32441 1252743172 1000
29649 1021410594 1000
24418 884885990 1000
28687 956687113 1000
37238 1132394125 1000
33179 1181536851 1000
26501 1139151965 1000
26896 969056752 1000
24774 922242925 1000
31961 991433230 1000
35166 1118371980 1000
32155 1156354224 1000
26972 1074550330 1000
25245 873939262 1000
22063 774932590 1000
41632 1211582195 1000
39327 1149629183 1000
24940 1090297255 1000
27305 946760465 1000
25721 831930887 1000
28580 932668057 1000
35336 1130329623 1000
27773 905873455 1000
24052 1061056380 1000
22733 857270272 1000
25833 949204830 1000
29016 961734550 1000
37723 1246050419 1000
36539 1142088342 1000
21938 938644511 1000
22045 847294442 1000
26056 985622394 1000
31324 990916135 1000
35853 1431720980 1000
34532 1237125158 1000
25001 978447100 1000
25147 886848636 1000
21585 751340679 1000
18867 778603685 1000
25610 802119375 1000
31674 971609044 1000
36040 1206378853 1000
21083 817201764 1000
26922 968030256 1000
22702 897020590 1000
23645 813701527 1000
33814 1054351658 1000
36344 1221996292 1000
22379 944565525 1000
22558 774912546 1000
36898 1208473248 1000
24359 903974708 1000
27751 925780559 1000
32764 1179353994 1000
21389 831860785 1000
22187 821573769 1000
27947 1004150654 1000
26235 978319223 1000
31413 1085979026 1000
30760 1164006204 1000
30989 1136048480 1000
24533 872146118 1000
25472 936908792 1000
26945 951768287 1000
32250 1068559603 1000
36684 1186692894 1000
26601 952855109 1000
27238 1004206296 1000
25013 899702297 1000
30945 992295494 1000
31429 1176021953 1000
29971 1053236401 1000
21482 735685809 1000
23066 789413000 1000
22742 1022069082 1000
24077 892351549 1000
33899 1132092663 1000
31758 1166903829 1000
22352 811745303 1000
23400 859969192 1000
24112 816024900 1000
21755 723144817 1000
29388 912874878 1000
30262 957834261 1000
27077 1014705974 1000
24623 856433059 1000
26855 889250178 1000
23947 775662702 1000
34422 1122885610 1000
25952 863167095 1000
23813 899537007 1000
24551 860600080 1000
26715 981966319 1000
22190 824333999 1000
34582 1099483017 1000
31139 1062017113 1000
34607 1238737557 1000
23701 971416046 1000
20309 751838110 1000
19341 773429667 1000
24985 946984301 1000
29754 912338731 1000
23724 947233213 1000
24257 944428033 1000
22299 833104575 1000
23158 853777104 1000
25903 897670624 1000
32198 1080319383 1000
30969 1141204306 1000
25096 981658019 1000
23643 813327978 1000
22789 807097163 1000
26548 912645913 1000
30828 1032299093 1000
30389 1027599256 1000
18456 813376900 1000
29389 1024194996 1000
18241 672718833 1000
23308 874767872 1000
20890 798482074 1000
35277 1082259805 1000
29768 1098421633 1000
21535 848080156 1000
23193 777001157 1000
23246 793532146 1000
22781 809707673 1000
32105 987108122 1000
34617 1152765965 1000
19846 908546811 1000
25299 917620877 1000
19069 753790119 1000
26204 854334558 1000
34240 1129127540 1000
33327 1038084591 1000
23068 894866153 1000
29084 944152767 1000
23764 882027510 1000
20295 740024434 1000
30649 1094820207 1000
33626 1065353258 1000
25326 1000622036 1000
23156 840878208 1000
21053 858273191 1000
22773 781589261 1000
30923 999137807 1000
33820 1159852595 1000
27412 1047676135 1000
22939 782290560 1000
22460 811205770 1000
20934 839285498 1000
32527 1159654740 1000
33159 1157962298 1000
27363 1049075646 1000
29128 1062609510 1000
23358 897395111 1000
25485 849495110 1000
35881 1168244394 1000
32320 1080618356 1000
21123 820870133 1000
26648 854497273 1000
33365 1145364845 1000
33761 1155085892 1000
28828 1168936989 1000
28087 968181622 1000
29855 1163334284 1000
25834 814496107 1000
24358 865802795 1000
23587 961077524 1000
22838 761490077 1000
22896 764930788 1000
37213 1121764983 1000
23436 909428619 1000
24821 866291659 1000
32552 1024541390 1000
27635 944632784 1000
25266 972475583 1000
19042 702927941 1000
23108 796495863 1000
27968 857333905 1000
31077 1194405779 1000
25392 925612910 1000
28220 1197891637 1000
25751 924952659 1000
35079 1154842801 1000
23138 840448501 1000
23435 883759426 1000
19957 807577508 1000
33111 1057267459 1000
23361 963565376 1000
23164 794923558 1000
28486 992122920 1000
34732 1317314588 1000
22688 829120814 1000
21406 746001813 1000
25168 867225203 1000
30839 1088716992 1000
23274 772562221 1000
26292 888992764 1000
26697 986460758 1000
24462 890992907 1000
23840 959653857 1000
26336 926314830 1000
33856 1209633611 1000
26372 944424013 1000
23659 894403071 1000
18519 801739548 1000
27138 940661889 1000
29433 997572988 1000
21522 840910791 1000
23151 854634979 1000
32591 1259093845 1000
29245 1101005290 1000
24843 968303332 1000
25546 1034325283 1000
31888 993592259 1000
26977 1083077671 1000
20055 1013713268 1000
23584 813603904 1000
28615 928813644 1000
28113 1123356093 1000
20063 917584787 1000
24567 919820954 1000
25302 934660457 1000
31972 1095281717 1000
22733 928879056 1000
22430 803278194 1000
28861 985581450 1000
39534 1145764122 1000
27213 1171119574 1000
18436 788187738 1000
26300 859708417 1000
29651 957318609 1000
26064 973370386 1000
19241 746894142 1000
14760 535094141 1000
31276 1045685712 1000
31751 1141701126 1000
19160 796857082 1000
21228 855456333 1000
24831 941397492 1000
38568 1184367342 1000
31696 1020419203 1000
23904 933503625 1000
26695 886017588 1000
37074 1164445941 1000
21656 860010637 1000
22098 975802101 1000
26043 895402439 1000
35616 1271704268 1000
19573 823329674 1000
21992 730625099 1000
21565 717881068 1000
25764 839766831 1000
29216 1070561077 1000
29044 1058205563 1000
25511 991513721 1000
22804 822217484 1000
35009 1072736465 1000
25414 951760602 1000
21392 775171005 1000
22206 807109169 1000
30529 853565324 1000
26824 995566795 1000
22585 1042703559 1000
21100 811461875 1000
27927 911422641 1000
33525 1166778011 1000
16987 839300999 1000
26718 993468420 1000
31403 1174289953 1000
34246 1126386504 1000
16619 751509649 1000
21237 940892210 1000
22035 807195532 1000
27713 962262048 1000
26622 1316054657 1000
20414 819991906 1000
23856 890637630 1000
30800 918709846 1000
33631 1123239386 1000
21286 1051746185 1000
18475 769145545 1000
28024 965746066 1000
29507 1022460889 1000
25958 942095312 1000
21976 820139106 1000
21416 802445974 1000
26399 866620814 1000
29572 995411693 1000
22075 865347798 1000
22720 840385079 1000
22468 789823230 1000
30801 1052413881 1000
23439 855308278 1000
24185 859241727 1000
18701 816248486 1000
30773 1111522064 1000
26298 891213448 1000
21971 889993102 1000
22508 796051090 1000
35301 1165740039 1000
25008 848257644 1000
22730 842946109 1000
23969 904262710 1000
29737 889476539 1000
29582 1058279383 1000
26459 1017526466 1000
23245 849953410 1000
23442 884258189 1000
28742 1085139257 1000
30204 1070467900 1000
25678 926196879 1000
28808 1020341593 1000
34158 1109026134 1000
27323 1048372025 1000
20059 789044265 1000
21270 827190037 1000
25441 858160052 1000
36862 1197670117 1000
20374 857171451 1000
22895 816366018 1000
22312 899584903 1000
29353 1072770894 1000
24340 883822617 1000
27798 1034265657 1000
30379 1071870881 1000
32625 1067000545 1000
23769 913678971 1000
25640 862261701 1000
24735 1033501096 1000
31512 1083838816 1000
26714 1138052268 1000
24772 877920247 1000
27583 990697866 1000
25217 887843006 1000
32969 987567213 1000
26817 979616525 1000
19674 763550645 1000
22354 777325373 1000
29014 1116868263 1000
26912 868910003 1000
28244 1112208621 1000
19837 682262038 1000
23495 710857983 1000
31590 1185588996 1000
27484 918235929 1000
20750 849140552 1000
25489 877973694 1000
27293 987956096 1000
30835 1038165149 1000
22209 787578503 1000
26377 895350752 1000
29096 946451138 1000
33682 1131836571 1000
22776 1154272591 1000
21022 796946607 1000
27340 910215933 1000
24574 913097854 1000
29516 997112099 1000
23917 834239827 1000
23902 847296649 1000
25672 970154464 1000
34795 1156383313 1000
25117 981241785 1000
19217 802911689 1000
19964 658689308 1000
32043 982154307 1000
28508 1024103805 1000
22253 899499576 1000
22352 752711472 1000
29443 998543185 1000
30382 1005442442 1000
27251 940619052 1000
25792 910728883 1000
23439 872132436 1000
25513 969551976 1000
28718 991514781 1000
23530 907745656 1000
22124 809456215 1000
23005 866765442 1000
32308 1031451958 1000
24363 807941712 1000
21167 817909731 1000
23037 840771917 1000
28858 911513634 1000
27917 1059475790 1000
21725 703431977 1000
21185 738434830 1000
21438 749515680 1000
25036 749995253 1000
29764 1289394777 1000
24007 855662177 1000
21391 947287706 1000
22404 777535955 1000
31320 969028221 1000
31000 1122996198 1000
21755 786406817 1000
17572 761657921 1000
21761 784948050 1000
27701 925237159 1000
32678 1050382768 1000
22329 746542043 1000
25338 943483731 1000
24524 842728614 1000
35376 1195581668 1000
24978 912748800 1000
14179 584418131 1000
19940 819036912 1000
25056 886420313 1000
37244 1133477812 1000
25263 958368501 1000
23063 834466033 1000
24945 804197506 1000
36558 1138095889 1000
25542 967613146 1000
25136 867190629 1000
24622 807462893 1000
29240 1011534920 1000
29261 945388016 1000
24285 888282016 1000
22081 825785165 1000
24337 883399814 1000
20098 778598109 1000
31462 975891449 1000
20502 684628025 1000
18981 783755382 1000
20727 839547482 1000
29877 1063838952 1000
36792 1261493643 1000
20476 763957189 1000
19848 780549547 1000
22036 777843527 1000
27859 988620524 1000
32391 1128620358 1000
30686 1005058990 1000
22309 790335880 1000
24493 918772446 1000
32252 1217550099 1000
33074 1068468839 1000
27126 1081868085 1000
22532 905079056 1000
23612 914880957 1000
24355 953745987 1000
31754 997319456 1000
28145 1072348096 1000
22815 778611931 1000
24585 824145194 1000
24770 941208537 1000
30915 1107449793 1000
22453 780486970 1000
23684 849191983 1000
21865 816522576 1000
22266 886145848 1000
21934 796158972 1000
30931 1067413227 1000
30401 1013797304 1000
22497 767991791 1000
22285 1031747718 1000
22429 890559482 1000
23770 1159432860 1000
27316 1172682684 1000
26532 865514924 1000
30267 1059714286 1000
22884 891472930 1000
26748 1047895580 1000
22259 929672282 1000
29017 925587155 1000
31722 1061869283 1000
24051 931180896 1000
22075 817786789 1000
21651 704234053 1000
29771 939979018 1000
31320 1160905439 1000
26682 954005978 1000
22664 816547631 1000
23752 884824047 1000
26423 957624334 1000
33017 1213260083 1000
23987 886233365 1000
24809 874082362 1000
23662 926968922 1000
23026 863571991 1000
26998 911920457 1000
25534 882019508 1000
22434 893036102 1000
20709 819130800 1000
24755 859634786 1000
24454 860713261 1000
32658 1147191719 1000
30514 1190270422 1000
23631 939290004 1000
17839 604182329 1000
21162 821564973 1000
24937 913571054 1000
23300 858088168 1000
30028 1057251396 1000
22189 907184112 1000
21595 832379243 1000
27676 1158479990 1000
32542 1159559012 1000
31295 1036225308 1000
22269 835322729 1000
22277 827808867 1000
23957 955656634 1000
36436 1119062576 1000
30199 1209598691 1000
24201 891425974 1000
26309 888720754 1000
16699 735220433 1000
28679 1017210200 1000
34495 1144152723 1000
26817 1061177063 1000
24452 818405698 1000
24373 1003467554 1000
19879 610377968 1000
34857 1060394269 1000
20139 870572218 1000
24763 805682692 1000
21496 835277721 1000
35134 1275514745 1000
32141 1134941237 1000
30749 1070934094 1000
21601 851219127 1000
19273 687229002 1000
24547 975085156 1000
26202 942673523 1000
32190 1053615622 1000
26484 1051628406 1000
22857 843426108 1000
23030 792969781 1000
36240 1337687357 1000
33710 1154886047 1000
21584 842351907 1000
20929 745016954 1000
20903 743747492 1000
24931 910655552 1000
36520 1300099369 1000
23721 915175094 1000
22353 838227169 1000
24720 798946273 1000
27867 885110697 1000
24009 919009165 1000
28383 970216162 1000
25536 978032425 1000
30003 1167388345 1000
30277 1068676333 1000
23857 879272788 1000
22374 894081927 1000
24591 881933204 1000
33839 1084669936 1000
26745 1000307090 1000
23221 895602916 1000
22091 877353666 1000
30048 1023097165 1000
41398 1275135075 1000
32855 1276340708 1000
29975 967585421 1000
25406 920217824 1000
33739 1130625788 1000
38459 1259347167 1000
24802 989566870 1000
21199 826694198 1000
20572 925717328 1000
26051 920990800 1000
31682 1012978409 1000
24167 1019829063 1000
22430 864757903 1000
23027 791253935 1000
24505 971739260 1000
34959 1115905165 1000
32682 1089943332 1000
24658 909054447 1000
23732 806219876 1000
27093 1034276364 1000
29989 1043917565 1000
26485 1104485119 1000
21061 849120063 1000
22681 849973942 1000
25716 922233009 1000
33624 990055960 1000
40844 1309208355 1000
25860 962413609 1000
24983 992611153 1000
22054 952883341 1000
26900 981367367 1000
36078 1158317881 1000
21853 821236855 1000
21124 907740949 1000
22837 822635932 1000
33182 1048233512 1000
36689 1055274984 1000
25192 980172770 1000
30578 1081409068 1000
23123 857491279 1000
27459 984756541 1000
28260 957672919 1000
26791 1046295251 1000
25144 882074984 1000
25666 893361205 1000
39271 1288485303 1000
32414 1104574591 1000
18225 667073920 1000
26022 1015707142 1000
16590 645312773 1000
24510 956704056 1000
33871 1122618117 1000
25899 1042185530 1000
20757 850255677 1000
22187 853072092 1000
23113 876384205 1000
40079 1165323037 1000
29927 1163071967 1000
21587 786198032 1000
24299 859959832 1000
26473 990809998 1000
28409 1041165279 1000
34356 1236088301 1000
23183 900128120 1000
23426 904328017 1000
22463 912563502 1000
27218 891509352 1000
27994 1121282937 1000
23150 698986438 1000
21867 784416078 1000
26862 1018786813 1000
30842 1114513511 1000
24289 1000175066 1000
22589 830511554 1000
20259 664907447 1000
29743 948615155 1000
34166 1097436935 1000
24358 944634532 1000
20388 726618794 1000
33116 1063383845 1000
23822 940889131 1000
23958 890465740 1000
26852 846779960 1000
26453 1142018562 1000
25485 906123159 1000
31820 1035321536 1000
27103 1128276790 1000
21107 790950317 1000
28783 1001745261 1000
33200 1235093432 1000
23754 922037482 1000
31578 1059125057 1000
29795 1093389033 1000
23714 834413839 1000
25420 1055045373 1000
34027 1029933549 1000
23796 959470298 1000
25442 984879564 1000
32181 1075105267 1000
24649 860340504 1000
27517 935344111 1000
32228 1031653125 1000
23324 888127692 1000
25840 886365732 1000
32851 1102183517 1000
24374 1103905067 1000
26517 930899309 1000
32717 1136988309 1000
27072 939820001 1000
25946 957428825 1000
30028 1025650439 1000
24404 1038130000 1000
20997 845285885 1000
23219 941563114 1000
33791 1144898957 1000
22521 888387793 1000
27089 1039576258 1000
33950 1146339238 1000
25444 1032920080 1000
28825 1051138103 1000
30260 1147641191 1000
25243 939512674 1000
30417 1003448085 1000
26821 1047441962 1000
16474 631440444 1000
21365 932458198 1000
37937 1203390450 1000
25662 854201116 1000
22603 909098697 1000
34807 1153278150 1000
28342 1056240397 1000
22911 870177429 1000
24626 923189608 1000
25506 959280607 1000
18483 727119889 1000
30231 1152971623 1000
32783 1057416805 1000
22659 902087790 1000
26027 871837557 1000
34325 1192398505 1000
19482 735292052 1000
18296 856958749 1000
34343 1207081970 1000
28672 1085340127 1000
18139 732970006 1000
27640 914218800 1000
28328 1075749276 1000
23985 858232616 1000
31725 944223621 1000
31771 1161277409 1000
20924 1094434028 1000
24604 919339460 1000
33758 1093054321 1000
25858 1109331419 1000
27727 976906825 1000
26007 901692666 1000
28446 1112568207 1000
32269 1084830417 1000
30614 1177945277 1000
21931 748421304 1000
22507 712537098 1000
20875 764660481 1000
23772 836703856 1000
31884 1019813762 1000
34902 1125461164 1000
22080 1002941391 1000
22947 830702365 1000
26431 908730366 1000
21031 816346815 1000
23158 971241201 1000
26554 907344972 1000
26625 956359253 1000
19591 804196595 1000
22310 829028796 1000
24933 964833365 1000
22320 865770594 1000
22846 811342473 1000
27787 927468049 1000
24313 953467071 1000
21751 779508903 1000
30773 1056969307 1000
21206 833601760 1000
21185 813541742 1000
24662 813908315 1000
32250 1055044348 1000
22796 950004121 1000
17829 744746366 1000
22246 828036193 1000
22414 900563154 1000
18951 655923713 1000
29343 1100024086 1000
25688 919324970 1000
21794 863731056 1000
23830 868111647 1000
28879 1043232755 1000
22628 818062600 1000
29794 964508237 1000
29923 1054395090 1000
24112 819364360 1000
28507 1057207747 1000
26684 1047752148 1000
25432 920954597 1000
23097 887451480 1000
28933 957206528 1000
22425 878604480 1000
22190 856465177 1000
27551 958303937 1000
22585 963907876 1000
22675 879687510 1000
23440 824246887 1000
29060 941151935 1000
27560 872170909 1000
30247 1004305129 1000
24851 964897613 1000
24471 846081540 1000
28457 1014041029 1000
28626 989923491 1000
24576 896652325 1000
27304 926072534 1000
26258 1010365979 1000
23770 951042167 1000
31096 1011308381 1000
27005 1074857221 1000
24628 876128394 1000
32452 1052962664 1000
27299 1035057476 1000
21347 788585194 1000
27455 942744545 1000
27822 987511241 1000
23205 875689874 1000
24458 861460854 1000
29181 1043682061 1000
22486 938780144 1000
15365 580704448 1000
24588 925333669 1000
24404 949979545 1000
24401 895091803 1000
32368 1027199635 1000
27680 1111011145 1000
22061 790379530 1000
27437 1014271489 1000
26397 842858247 1000
20716 866315513 1000
20743 788669750 1000
33756 1152028387 1000
23614 831817753 1000
21200 790695386 1000
31141 1169477164 1000
23039 781166598 1000
25932 889150930 1000
30559 950657746 1000
29649 1238129031 1000
27575 937147294 1000
26427 965911754 1000
25612 933070927 1000
33071 1034064626 1000
28684 1091734966 1000
23188 885849299 1000
25597 918477496 1000
29230 1073249939 1000
24015 933042702 1000
25432 958220944 1000
29570 968714813 1000
21016 974090726 1000
24258 830021286 1000
25148 860982409 1000
29429 946100505 1000
34741 1128380936 1000
27475 1157413111 1000
23379 956457226 1000
28713 967718640 1000
35934 1155248323 1000
23043 908394225 1000
23061 788979632 1000
30396 1083885613 1000
20709 882528997 1000
24308 891056256 1000
30172 1057231752 1000
23745 913000030 1000
25114 1016705074 1000
35086 1085348129 1000
24015 943818515 1000
27567 908796558 1000
25740 954714977 1000
28766 972901982 1000
36886 1209644748 1000
27143 1125663119 1000
26133 1009837505 1000
27169 914127822 1000
26090 1010195088 1000
31169 1034727463 1000
33936 1189160063 1000
20438 739669202 1000
26111 874014020 1000
24740 934016770 1000
28778 948793236 1000
34490 1173883888 1000
34410 1196468624 1000
18744 903570263 1000
23069 874138538 1000
23724 891817098 1000
22440 858664075 1000
39899 1209452457 1000
33408 1195824050 1000
22407 855610771 1000
23144 928734431 1000
23204 750421520 1000
21923 717035985 1000
26823 1142535947 1000
27220 838392402 1000
30988 1029206197 1000
21791 725220051 1000
21011 723822342 1000
23618 815599427 1000
31263 1033737341 1000
37370 1077303238 1000
29999 1086239233 1000
18952 702770873 1000
17131 594840193 1000
23055 890455963 1000
25418 859579309 1000
35594 1025622292 1000
33638 1162322169 1000
24541 1239028877 1000
22672 811000793 1000
27943 952823334 1000
28864 915907610 1000
38294 1160669273 1000
27926 1053676393 1000
24913 864429409 1000
22711 753150160 1000
29348 981647937 1000
31985 1206993416 1000
36085 1211070718 1000
17815 816032238 1000
25476 932674792 1000
25153 986813893 1000
28796 904817337 1000
35895 1159774179 1000
29725 1198594420 1000
21607 841334261 1000
23698 870677043 1000
26807 992371090 1000
24932 873891010 1000
26438 904138555 1000
28934 925791798 1000
25271 1062651155 1000
19317 822061671 1000
23658 801453383 1000
27270 920079825 1000
29079 952806498 1000
36881 1216140320 1000
26872 896642914 1000
23875 868762654 1000
23084 824898089 1000
16597 668016086 1000
33622 1091503205 1000
28326 1033317084 1000
22841 895445665 1000
21814 832761806 1000
22763 815252554 1000
22590 843396316 1000
32336 967621768 1000
34023 1136274853 1000
32296 1081116146 1000
20770 809691218 1000
24789 867715341 1000
22295 802803663 1000
28823 917700772 1000
33399 1136542930 1000
29433 1239400391 1000
24294 891338069 1000
23748 821454467 1000
22576 813481225 1000
24398 890603319 1000
36886 1201873754 1000
28069 1040296339 1000
23946 788971644 1000
22278 718214719 1000
21791 742445990 1000
32073 1031900801 1000
36965 1185278283 1000
21952 882069032 1000
23185 744764122 1000
24528 921896661 1000
24888 837731550 1000
28397 924805475 1000
27025 1040876116 1000
30742 1082088945 1000
23986 919878543 1000
23994 756534117 1000
23818 864043644 1000
25854 718087869 1000
30692 1160493961 1000
29115 1096746818 1000
22469 923098565 1000
25155 799485966 1000
25463 972458074 1000
29775 935263214 1000
32196 1167276900 1000
28646 1088118938 1000
25364 801701861 1000
27965 1013739902 1000
18002 675098586 1000
26202 952790794 1000
30809 968409763 1000
33594 1158739705 1000
27171 970283461 1000
25986 966964210 1000
25810 989114281 1000
32184 1068062683 1000
34727 1123255124 1000
28045 1099033955 1000
21804 798792548 1000
18494 680850772 1000
24308 855858582 1000
38779 1205035680 1000
30235 1157914555 1000
26635 927017919 1000
23482 937824945 1000
18096 826027444 1000
24219 762244901 1000
32777 1064039240 1000
31439 1152885720 1000
26608 1003177078 1000
17834 766537742 1000
22360 943960125 1000
25188 910897926 1000
33525 1058978635 1000
34038 1224983619 1000
22810 757189972 1000
22876 833080803 1000
24876 1002656549 1000
22107 833461489 1000
36849 1102507724 1000
24639 920698512 1000
22058 909486421 1000
23127 861144991 1000
20263 744244966 1000
22161 761386321 1000
33201 1051454962 1000
22842 890487914 1000
20947 869734124 1000
25767 901156128 1000
22022 850168898 1000
39044 1130541278 1000
27414 956573965 1000
25388 1017915622 1000
30237 977152335 1000
27704 894240432 1000
35914 1207415560 1000
26235 1125296158 1000
22107 823159833 1000
28361 918333190 1000
29165 936158756 1000
36218 1155868178 1000
21551 948976602 1000
26370 859787993 1000
25665 964092123 1000
32766 1094823261 1000
32725 1233746375 1000
23279 892989614 1000
23836 866261921 1000
23049 853573792 1000
32412 1043718476 1000
31333 1182648223 1000
28207 935170946 1000
24473 811654327 1000
26062 998109514 1000
33368 1067057732 1000
31846 1099245111 1000
21939 856456971 1000
23318 897324825 1000
20349 792665045 1000
31644 1057573167 1000
28121 1025998597 1000
25817 815944353 1000
23493 884324762 1000
26177 910733099 1000
29558 913499658 1000
32761 1139256823 1000
21454 873772377 1000
26950 883920014 1000
27983 1089799176 1000
31925 951748135 1000
33274 1155298265 1000
21504 791142999 1000
24359 959715060 1000
24716 818450493 1000
28623 921661516 1000
34982 1252847202 1000
21089 851142774 1000
21758 951932178 1000
23300 807484206 1000
24366 856343817 1000
29480 955617937 1000
29937 1026122138 1000
21686 827675570 1000
23013 856033623 1000
20302 810950518 1000
26441 901115044 1000
34064 1028834129 1000
21219 871852471 1000
19907 839684665 1000
21408 846992109 1000
24109 814929888 1000
30838 968600632 1000
29590 1057383490 1000
23676 831293131 1000
22482 835279689 1000
23720 929239694 1000
28071 908467951 1000
32179 1094747806 1000
23943 899902181 1000
25236 988710521 1000
23170 738916435 1000
27945 948907201 1000
33074 1060215306 1000
24257 942919675 1000
24628 964322458 1000
26408 914048863 1000
33994 1103834628 1000
29189 1251450510 1000
28481 1023759184 1000
24465 974043188 1000
30789 1066912342 1000
41730 1242124587 1000
27270 1069530211 1000
21778 830564462 1000
23933 921671993 1000
29999 950618321 1000
33140 1134552079 1000
24981 934693130 1000
26077 982625055 1000
24875 912630863 1000
31531 1091101013 1000
35307 1068779829 1000
23333 891658424 1000
27812 982640149 1000
24475 846539678 1000
33496 1127557431 1000
32592 1053111854 1000
22684 845271504 1000
24575 830455040 1000
25452 970673192 1000
32771 993647606 1000
31307 1021872147 1000
21013 761370177 1000
24478 920572935 1000
28537 921074893 1000
30922 1057599460 1000
34726 1132363765 1000
24735 902269506 1000
22839 814831859 1000
23827 892779378 1000
30865 932183423 1000
33114 1006251837 1000
22696 921576666 1000
21163 1000494423 1000
23053 806946293 1000
24563 866082431 1000
30353 1056776721 1000
24041 944042055 1000
23593 934205971 1000
21827 761078554 1000
21745 705614748 1000
27197 971944870 1000
34243 1105923819 1000
25319 874574119 1000
23794 910241994 1000
22414 833184686 1000
29536 1019408356 1000
32380 1151426709 1000
17257 659210696 1000
23501 934333887 1000
23758 822959024 1000
18807 673195095 1000
33329 986105938 1000
27112 1091728023 1000
23080 784607577 1000
27080 945080520 1000
24248 837032710 1000
30608 1101254192 1000
25170 1012953554 1000
23539 771701035 1000
20518 841892270 1000
28389 1009611456 1000
36363 1136703198 1000
22628 822987034 1000
27450 912183035 1000
22058 891289707 1000
27047 936463703 1000
32588 1093814955 1000
23709 834991828 1000
24102 848279101 1000
22067 879179640 1000
21677 839307446 1000
35886 1142886080 1000
29022 1032985902 1000
22370 869477188 1000
24168 800369877 1000
22390 879478576 1000
31486 934007060 1000
31964 1053675322 1000
21337 752399737 1000
21208 793538982 1000
25460 927976806 1000
30182 995722513 1000
22370 897564611 1000
24340 839922902 1000
23591 815581629 1000
29649 985476355 1000
22521 801934648 1000
24055 893644016 1000
23902 868480426 1000
21982 755206891 1000
27387 951956926 1000
31206 961933134 1000
21821 709922886 1000
24043 788503544 1000
29470 1102839707 1000
28190 992998335 1000
26550 878585092 1000
29440 984442295 1000
25878 845240054 1000
30181 1117744121 1000
23164 913807526 1000
23464 768566237 1000
23177 760611371 1000
26653 861075761 1000
30080 1091324234 1000
21784 820476285 1000
23306 791588199 1000
23049 788477056 1000
33442 1043778389 1000
21137 833035612 1000
21314 791065885 1000
27012 1001695748 1000
36374 1131606005 1000
29054 976678939 1000
25017 870766036 1000
22199 775596624 1000
34832 963411214 1000
28178 1066777353 1000
21530 761817100 1000
20788 914657807 1000
25455 997500483 1000
31783 1030691346 1000
24889 856149229 1000
24243 766087354 1000
26051 900340021 1000
22950 729133154 1000
26067 880797128 1000
29449 1000384486 1000
21163 754115029 1000
20951 806507167 1000
22601 852150668 1000
26504 886824781 1000
25477 964121833 1000
27814 952519169 1000
33909 1073030383 1000
27556 928227587 1000
25106 922499181 1000
26596 885984060 1000
25905 833855300 1000
23193 813768223 1000
22927 981767413 1000
25038 910996786 1000
34337 1109440756 1000
26660 921701987 1000
20707 826597382 1000
19216 659908780 1000
26561 885849181 1000
30635 1088684216 1000
24148 839902611 1000
22773 846464340 1000
36013 1225907612 1000
31498 1044990275 1000
24097 841151278 1000
21727 713941400 1000
20667 687886188 1000
30476 1007578516 1000
26187 858020648 1000
22602 912739406 1000
25264 970862886 1000
23532 744965874 1000
25701 919336006 1000
22577 897455992 1000
22755 905016339 1000
20012 653052388 1000
27556 1018693515 1000
28844 936931397 1000
24685 930324193 1000
26154 885781224 1000
36921 1216832336 1000
21617 878640279 1000
23852 802794479 1000
24033 801859417 1000
27373 908006709 1000
30239 991783741 1000
21823 805380292 1000
21158 730323653 1000
23486 783009388 1000
34255 1051382913 1000
23386 836495937 1000
24562 840808723 1000
22667 744708156 1000
29216 1025782450 1000
27151 914079553 1000
22544 865787453 1000
23771 841704666 1000
20469 714871320 1000
30202 937105674 1000
25445 863514925 1000
22402 808125470 1000
20936 760198408 1000
26226 914962597 1000
24477 968536232 1000
23466 888737204 1000
22846 931688508 1000
20428 783528432 1000
32788 1030112423 1000
22725 910668293 1000
19617 715587197 1000
23157 789874324 1000
27141 866488350 1000
30553 1045656757 1000
20225 743864287 1000
20667 781102480 1000
23536 848324237 1000
27723 923618801 1000
24213 845948584 1000
22144 746736681 1000
25820 917595377 1000
23185 788526775 1000
28462 1037877097 1000
22560 807109764 1000
24103 763612043 1000
26269 891983501 1000
37782 1235037968 1000
25488 832320691 1000
26784 805432340 1000
30738 945143184 1000
20729 704805022 1000
21393 713323845 1000
22536 940240150 1000
28050 963616241 1000
19782 821615841 1000
25975 948497779 1000
26792 989662772 1000
24175 832078825 1000
25517 890403971 1000
27716 905802193 1000
28352 1011860775 1000
25715 901415821 1000
27112 959769950 1000
23260 799894372 1000
21425 673003058 1000
29677 941425784 1000
23731 795070766 1000
25654 845486942 1000
26441 994107636 1000
24236 855231768 1000
28773 894446813 1000
35685 1082294671 1000
25948 938274416 1000
22946 731769977 1000
24740 993921318 1000
27505 926092553 1000
26685 860777915 1000
30851 970617899 1000
29146 1053889099 1000
25743 877660473 1000
26209 919633728 1000
25643 885067288 1000
33426 1189714376 1000
22966 875651550 1000
31078 959219793 1000
30260 1173659682 1000
22490 771294622 1000
25949 924509635 1000
25929 808519243 1000
27445 997314302 1000
24669 866951475 1000
21911 853326320 1000
27766 970955559 1000
24493 837157094 1000
27606 914754230 1000
23077 832291733 1000
22177 887775743 1000
31017 973429873 1000
25104 828275585 1000
28663 924109367 1000
23009 862834757 1000
24940 946246504 1000
28291 960969696 1000
23922 875463871 1000
26370 824198628 1000
25980 863361701 1000
25245 819013853 1000
31700 972949079 1000
24229 840111653 1000
31777 1101946825 1000
23584 853392666 1000
24567 864470298 1000
24424 754771851 1000
21964 770332452 1000
29649 967455189 1000
24926 814925278 1000
28856 962729063 1000
22111 687143813 1000
25720 866454035 1000
24769 859788653 1000
24160 841582156 1000
29576 876236021 1000
25935 923908589 1000
24157 802306100 1000
23004 719411056 1000
23014 904167779 1000
29083 912100881 1000
26302 835894641 1000
21989 764597938 1000
29220 835549130 1000
21820 790210763 1000
20955 791765590 1000
31722 990975344 1000
19764 704265923 1000
26402 944717359 1000
24363 814498035 1000
25176 758638681 1000
32196 1143559304 1000
23798 809228314 1000
23617 782358487 1000
23711 883255945 1000
26435 878002877 1000
28893 1012333036 1000
25799 853077070 1000
22567 937072005 1000
26767 804738151 1000
19757 598499364 1000
30182 1037977643 1000
24052 854703714 1000
22245 768766254 1000
24927 854203891 1000
27422 821392647 1000
29153 965512412 1000
27564 828232733 1000
30727 981480683 1000
24582 818856808 1000
30485 983373014 1000
28592 1037791325 1000
22044 820641300 1000
32849 1020697122 1000
26233 878947462 1000
22188 740119963 1000
22328 829702911 1000
33231 929763890 1000
37421 1101095415 1000
30690 1052297154 1000
29741 964617540 1000
29118 1070466198 1000
23087 949203970 1000
28175 943509709 1000
23944 991292551 1000
25523 950715698 1000
34378 1064886063 1000
28134 1036055984 1000
23177 860850433 1000
20681 778166355 1000
20589 720831113 1000
29067 1169768096 1000
27603 1106912179 1000
22255 805452853 1000
31752 1099851370 1000
40387 1238404399 1000
40427 1199474867 1000
34590 1157916226 1000
31369 1017307967 1000
30405 985656063 1000
32658 1158577587 1000
34305 1008473109 1000
36024 1106694764 1000
31209 1227083203 1000
24397 1050026717 1000
22402 845293868 1000
28053 923123957 1000
26153 1189952733 1000
23218 916082569 1000
23910 833922530 1000
26727 1090766040 1000
27481 838627525 1000
33235 1029229537 1000
34504 1079689950 1000
32709 1246033945 1000
27087 919293430 1000
30250 1095567573 1000
14742 705755472 1000
20485 754154970 1000
25254 1166872690 1000
31740 1168001741 1000
20345 905839691 1000
18630 693083317 1000
29663 1094826947 1000
23158 1013195677 1000
23617 843606507 1000
23236 851813817 1000
26068 981123267 1000
24964 853838252 1000
30324 1256966364 1000
28178 987731622 1000
31506 1110468477 1000
22859 903063504 1000
24070 912222598 1000
34309 1136761834 1000
24179 953783315 1000
26856 1149841286 1000
29610 1116426954 1000
22036 867353760 1000
19504 763626984 1000
23810 1009559021 1000
24807 980953932 1000
26110 914051206 1000
22117 961209932 1000
23840 875781850 1000
35161 1184427689 1000
22286 930662302 1000
21969 846366824 1000
30466 1085543953 1000
28669 1002013436 1000
22217 870342318 1000
25655 1087869518 1000
32990 1289622510 1000
26701 1035322630 1000
29071 962828912 1000
30711 1171250087 1000
19976 757911462 1000
25681 893577404 1000
30744 1125960580 1000
25788 942813972 1000
24761 1226972532 1000
36843 1140908648 1000
22524 911540413 1000
25318 932317603 1000
28089 891966735 1000
38606 1102554901 1000
28506 1107927475 1000
18818 699911618 1000
23925 917899727 1000
33182 1141668554 1000
17511 717383079 1000
23194 932877530 1000
26895 911876909 1000
27977 1037094629 1000
27457 1043364615 1000
23853 966856227 1000
33454 1089966351 1000
28236 1106174967 1000
20648 824241001 1000
27836 872518359 1000
24080 1005282814 1000
18223 764777921 1000
26129 948867650 1000
34762 1143302947 1000
21626 912631305 1000
19743 794413125 1000
20031 715560206 1000
34305 1178562887 1000
32000 1188852764 1000
25681 807150499 1000
31254 898791200 1000
33947 1046751656 1000
36837 1184513804 1000
23429 704731257 1000
28431 973840866 1000
29549 1023026227 1000
30548 980093244 1000
26889 1135824157 1000
21417 673029892 1000
23310 928786313 1000
35173 1044125124 1000
34315 1043547753 1000
26505 827637505 1000
24230 850724687 1000
25744 853949311 1000
32197 843474304 1000
37094 1252922438 1000
31178 1095010565 1000
27044 861682211 1000
26300 816799777 1000
27768 894702089 1000
41392 1154360328 1000
28000 965641554 1000
30535 885451806 1000
27332 981919923 1000
37643 1154037402 1000
27019 781644493 1000
24923 845504817 1000
26912 813959737 1000
32627 932835320 1000
39453 1130748754 1000
30086 1067441585 1000
29754 918723957 1000
30125 876375320 1000
36215 1143721926 1000
40949 1172563922 1000
27969 1098372025 1000
30611 907574097 1000
35075 985199024 1000
38670 1148477789 1000
24736 761702038 1000
30498 926440811 1000
27719 894259145 1000
38588 1077916399 1000
39271 1141080954 1000
27647 1109286280 1000
26316 850668648 1000
29373 912594460 1000
34726 1108687178 1000
37808 1135490488 1000
26355 1073285572 1000
29079 898123677 1000
34155 1174654809 1000
40475 1136356139 1000
28738 1104801498 1000
24778 892927906 1000
29741 870798686 1000
35161 1074500557 1000
29379 946405504 1000
27105 942030100 1000
23431 826045236 1000
23887 761320285 1000
30984 922646643 1000
30218 904919499 1000
31857 1083623468 1000
28121 940223443 1000
28721 956916855 1000
29388 990857899 1000
28563 825923665 1000
30680 940432246 1000
24050 833498628 1000
26184 824507933 1000
27965 1130159813 1000
38106 1016468082 1000
34358 1046205471 1000
27334 820988082 1000
23288 694402629 1000
34473 924138482 1000
37312 1155545405 1000
31142 1099300239 1000
21665 807258030 1000
24692 841883546 1000
38990 1079171238 1000
33654 1060919856 1000
27176 906989109 1000
28181 897394863 1000
28740 893955121 1000
43163 1138358746 1000
32785 1165321484 1000
24938 950818897 1000
22673 799390722 1000
25293 793753932 1000
37642 1103624147 1000
33792 1107535009 1000
25835 933519905 1000
25555 821225900 1000
19793 719134554 1000
40871 1099763770 1000
31070 1022794189 1000
26890 1023765530 1000
26566 882347412 1000
27395 769492946 1000
39225 1128451019 1000
34347 1163655627 1000
27510 949332627 1000
28057 941983267 1000
32944 942805334 1000
35347 1007265519 1000
30524 1055874877 1000
29523 914427195 1000
29628 866966530 1000
40811 1171958677 1000
31689 1194522947 1000
22977 866405511 1000
31510 990536114 1000
26923 1082247892 1000
21734 820157843 1000
21643 924109056 1000
32345 1059994473 1000
28737 1080326663 1000
22000 918316915 1000
27119 1015014895 1000
32714 1147627882 1000
22533 914346781 1000
21791 850021575 1000
23868 864519159 1000
29608 1015997067 1000
19294 853925740 1000
22324 928639494 1000
30655 1005628134 1000
28003 1040090966 1000
25841 963862484 1000
30099 1057246862 1000
27782 1032788816 1000
27027 909290801 1000
29340 1021597946 1000
26947 1091535797 1000
22600 898173324 1000
30364 1029626725 1000
35832 1288527260 1000
28290 982539521 1000
27510 887519269 1000
29614 886786806 1000
36958 1093554701 1000
25745 937832685 1000
16750 692198719 1000
25267 834852599 1000
24235 764337857 1000
39831 1142132846 1000
35009 1159567644 1000
34893 1147012774 1000
37028 1256439274 1000
32665 1008653251 1000
26526 1045734267 1000
25984 981772749 1000
23469 817075293 1000
20682 739687011 1000
28219 1070587630 1000
24163 864508380 1000
20561 742460182 1000
25349 947686497 1000
31167 1082634721 1000
25503 1047883416 1000
27447 966620797 1000
32733 1128617895 1000
18970 891805499 1000
24748 1031274994 1000
32118 1056584176 1000
24986 946732784 1000
22252 854102813 1000
29422 899294568 1000
26493 1005620540 1000
25189 944944415 1000
36666 1075664570 1000
27548 1019867703 1000
20008 808221864 1000
29778 995812198 1000
31051 1160543708 1000
24662 1052109520 1000
27593 861360337 1000
26287 974716148 1000
20560 877673305 1000
26836 984304348 1000
30364 1086412639 1000
25006 1102783191 1000
24362 901770727 1000
35708 1116698554 1000
27482 1168834464 1000
20511 801662040 1000
35931 1143852615 1000
32033 1160515855 1000
25321 951110847 1000
33814 1075397734 1000
26596 1030457588 1000
22848 878477109 1000
34829 1024407754 1000
28796 1154893330 1000
19835 709510582 1000
35174 1175731403 1000
23857 883639192 1000
23952 878411744 1000
28209 949261522 1000
30926 1009662443 1000
25208 861940974 1000
28480 998859745 1000
25364 998137776 1000
27426 1048799604 1000
30018 967967007 1000
33416 1155650691 1000
25296 942288645 1000
27955 801181730 1000
31154 1060121526 1000
22073 915085992 1000
28141 986479297 1000
35966 1186248000 1000
23982 951115061 1000
28719 1051079696 1000
33368 1131695937 1000
22163 938249793 1000
28894 953788644 1000
31603 1077055874 1000
27704 1016192159 1000
28777 929014307 1000
32115 1298342979 1000
22564 767352073 1000
22427 813994434 1000
32011 1061936809 1000
21880 851829012 1000
20607 758644114 1000
30888 944681040 1000
23146 929607767 1000
27499 986189019 1000
31256 1012462891 1000
30934 1088168442 1000
26953 1387948499 1000
28753 900844898 1000
34538 1154560282 1000
27773 949200521 1000
27741 873448108 1000
30902 796707443 1000
42387 1170055598 1000
32725 1210739763 1000
28199 1036228681 1000
29450 859129886 1000
40120 1224096668 1000
34277 1092907751 1000
18170 663635400 1000
24342 769213217 1000
37023 1070487143 1000
37658 1142271440 1000
29677 989075851 1000
25922 882095165 1000
26531 1120892678 1000
31595 926301962 1000
36203 1062936685 1000
35443 1118787429 1000
25958 983145151 1000
26499 849509281 1000
30841 928730311 1000
40501 1054277260 1000
29504 1071816365 1000
30151 910018436 1000
27660 898937331 1000
41317 1211846274 1000
37980 1208052171 1000
28165 831254012 1000
28912 851751982 1000
40360 1158566807 1000
40373 1204248745 1000
25986 881241544 1000
28074 888346502 1000
30881 940474068 1000
34261 1091121061 1000
29748 966879414 1000
28112 875645557 1000
23044 852833924 1000
32730 967899480 1000
33365 980416517 1000
33998 914569237 1000
24662 940122752 1000
27196 929362725 1000
36221 988385198 1000
33046 1086858388 1000
28954 961965266 1000
25903 833876372 1000
28156 979195720 1000
36250 981544205 1000
37614 1240989784 1000
27050 1002915469 1000
28063 939869147 1000
28826 930922381 1000
37739 1071337844 1000
38437 1121645967 1000
23101 881721936 1000
27191 877702492 1000
28237 908264036 1000
39468 1121739268 1000
30512 1061554150 1000
26437 863289229 1000
29100 990048648 1000
39936 1066252647 1000
40357 1186190392 1000
30012 1111658536 1000
23719 718451588 1000
28827 855708552 1000
35931 1038171354 1000
36720 1169621161 1000
23716 897304374 1000
26787 937092737 1000
33510 996420894 1000
39318 1106294742 1000
32259 1090342419 1000
32637 1051544426 1000
27224 875620096 1000
43922 1205306433 1000
36011 1260680494 1000
25357 942852103 1000
26858 874385972 1000
35262 1028687020 1000
33629 1064973121 1000
24721 859428664 1000
26973 922268892 1000
25743 902311084 1000
21508 763164081 1000
34397 1106666671 1000
27224 914966026 1000
28127 1053682295 1000
25292 875105264 1000
27838 906942394 1000
36208 908639550 1000
35964 1229798086 1000
32209 1124692977 1000
29961 887857752 1000
28546 930958804 1000
39379 1156235864 1000
32835 1081606954 1000
18655 690078715 1000
26263 840622386 1000
28883 950604071 1000
35630 1044162937 1000
40104 1223299535 1000
26878 1003132284 1000
25316 764395445 1000
30795 906464612 1000
39989 1138045343 1000
27967 1056304921 1000
21684 651824900 1000
30023 1018980455 1000
36130 1026833431 1000
39843 1146286018 1000
28314 980032111 1000
32530 954632067 1000
34268 991081823 1000
37845 1206244425 1000
31500 1108101621 1000
23744 903064382 1000
20331 665767317 1000
22846 768095956 1000
28365 1096289940 1000
29857 981162644 1000
31499 1186091111 1000
23956 926908810 1000
23098 852072147 1000
22743 769350793 1000
21956 809265786 1000
34259 1156171360 1000
34839 1257032835 1000
22214 832146674 1000
26986 953876581 1000
23667 838776699 1000
30971 1203348903 1000
34600 1174552030 1000
30630 1049750439 1000
24930 877010714 1000
20122 718683597 1000
22415 750702685 1000
32968 1142248981 1000
37727 1133866966 1000
27180 1074580033 1000
22448 899830379 1000
19177 752422351 1000
22139 809745458 1000
32329 1070780869 1000
36250 1095852931 1000
32167 1279308370 1000
28025 936808668 1000
28081 998321460 1000
23796 910161329 1000
30933 1039317186 1000
26759 1059529209 1000
23111 916321988 1000
26799 906147244 1000
22611 879099500 1000
25696 911155971 1000
34857 1139170294 1000
33960 1309698011 1000
22591 907429406 1000
23779 759286418 1000
26825 919143105 1000
31533 1104067557 1000
35586 1145248062 1000
25560 1022323292 1000
21261 980932636 1000
23422 789034330 1000
23561 1068781146 1000
25702 817549420 1000
33755 1226100830 1000
33880 1115956840 1000
28036 917696214 1000
28192 891281166 1000
39950 996708189 1000
37857 1198003784 1000
26488 955575079 1000
30342 928076350 1000
26861 838631977 1000
38015 1109567467 1000
36206 1236674157 1000
21321 1018790016 1000
20546 808989178 1000
23250 793233535 1000
21268 809042132 1000
28753 1056326602 1000
35340 1087183715 1000
27946 1077354554 1000
23416 973452533 1000
24353 885288568 1000
27693 970236328 1000
35370 1180835247 1000
28292 1074023816 1000
20932 721981450 1000
27049 983863616 1000
25308 870127288 1000
29118 1045577764 1000
31359 1193606885 1000
26040 1048298159 1000
30051 1116443522 1000
24992 938196530 1000
25113 1017556366 1000
27532 885636020 1000
29531 1183229032 1000
30738 930566976 1000
23727 1104420676 1000
18371 724836573 1000
23845 860657919 1000
25528 1005525272 1000
35536 1100418338 1000
35290 1282119852 1000
21291 895406235 1000
20893 845114142 1000
23087 866002583 1000
34735 1195990321 1000
34587 1114812806 1000
30384 1151359769 1000
22619 965379203 1000
22840 815384026 1000
12208 500395256 1000
24913 876361189 1000
33287 1143357795 1000
36823 1196640868 1000
23569 1019075692 1000
21027 888254160 1000
24340 866412427 1000
27491 909606723 1000
34365 1008650210 1000
35171 1246600464 1000
22315 842796020 1000
20031 808779603 1000
20497 842274888 1000
33374 1069461417 1000
31223 992477935 1000
30151 1195828060 1000
26529 1316177952 1000
25573 1049752749 1000
23334 853811471 1000
27621 886959732 1000
38224 1232969623 1000
31279 1116059986 1000
23792 926326286 1000
22533 850106464 1000
24706 841634560 1000
28837 959488996 1000
35878 1136561385 1000
24572 1027971768 1000
32724 1253982825 1000
26291 995480729 1000
36301 1101174564 1000
35557 1207209460 1000
19857 868484742 1000
24008 835209490 1000
23258 878436769 1000
23742 841271413 1000
31066 936196111 1000
31241 1049702075 1000
32643 1199898035 1000
19199 949691521 1000
23557 923109982 1000
20050 825223186 1000
20939 717506595 1000
31994 972257368 1000
33929 1117644046 1000
17053 800863383 1000
25283 890157694 1000
23089 906257646 1000
29682 982028073 1000
32926 1046901301 1000
33468 1179082443 1000
22039 1081072390 1000
24457 824427209 1000
24349 928298688 1000
30486 1028021224 1000
37680 1191614336 1000
24374 956761036 1000
25047 939733693 1000
27044 1076065542 1000
23362 916834608 1000
28982 1023039795 1000
34760 1082197340 1000
29227 1199051619 1000
25035 937514000 1000
24095 822161611 1000
21962 797450384 1000
32194 1077550985 1000
33497 1184089329 1000
27605 1098552495 1000
20964 769050156 1000
21594 927507560 1000
24653 886000663 1000
31225 960863204 1000
36240 1104758478 1000
34685 1149788310 1000
23055 955159395 1000
24744 839727273 1000
22031 801580901 1000
25126 945804423 1000
31837 1086115425 1000
31355 1114269891 1000
28386 1218761385 1000
25578 941944960 1000
21147 852376049 1000
25676 849768197 1000
32141 1080769915 1000
34962 1169460397 1000
26818 1223269777 1000
23729 1085886276 1000
20194 682290857 1000
21896 748791228 1000
30827 909702552 1000
35023 1148414593 1000
27955 926633637 1000
33643 1014393649 1000
33505 1028658069 1000
32064 1131576843 1000
34879 1066421181 1000
28981 1091363136 1000
32491 946294793 1000
42102 1192278181 1000
34538 1181388460 1000
19783 973701856 1000
19023 803643418 1000
25428 1004106357 1000
25615 862799534 1000
31574 1120179383 1000
29542 1291623953 1000
24348 926968961 1000
25822 969591432 1000
22789 883462238 1000
24478 961239984 1000
30423 948635586 1000
35212 1138427619 1000
22543 950695562 1000
21906 951530526 1000
23204 933676485 1000
24112 862147617 1000
37475 1120208018 1000
29526 1105912171 1000
27518 1161794620 1000
21056 821804277 1000
25413 918871809 1000
25131 864329199 1000
32439 1163758671 1000
35455 1186120349 1000
35038 1267873546 1000
20637 941340425 1000
22194 889124595 1000
20709 699651348 1000
29442 1076215333 1000
38900 1256129729 1000
30353 1064697189 1000
21978 917692135 1000
21769 872586790 1000
22492 851832824 1000
29271 1041758541 1000
31497 1029508133 1000
31561 1219279917 1000
27959 1120110921 1000
18409 793398176 1000
28481 895982226 1000
36556 1138546907 1000
37599 1260278819 1000
30514 1272293972 1000
24789 872514878 1000
27727 951855164 1000
25184 888777539 1000
36296 1118552165 1000
33536 1192519041 1000
24589 1041444912 1000
23350 870084320 1000
21998 807407537 1000
37167 1144730459 1000
34344 1174872637 1000
22759 950765534 1000
25075 900213116 1000
23143 909538789 1000
24783 859303314 1000
25555 1020855925 1000
29696 984891952 1000
29544 1007075711 1000
20642 822633502 1000
22636 859859605 1000
24406 773431300 1000
33956 1062347468 1000
38125 1165076629 1000
26881 1126610467 1000
23180 829630853 1000
26171 960089371 1000
26616 974877924 1000
28358 1035627770 1000
34712 1104737341 1000
26600 942602264 1000
21590 907050482 1000
23339 900544317 1000
24976 821755241 1000
32885 1081674375 1000
32078 1136141028 1000
22688 987473483 1000
25848 918941463 1000
25068 850779245 1000
22784 911984160 1000
32522 1088812576 1000
36127 1182429957 1000
24169 1091334492 1000
17875 783496633 1000
24296 842896342 1000
28648 950830178 1000
33290 1078448610 1000
30186 1041170873 1000
23852 954048755 1000
22757 905357567 1000
22361 969663436 1000
25713 979735339 1000
35931 1187919059 1000
36940 1118892304 1000
24648 1152465146 1000
22167 897939184 1000
22283 857720065 1000
28111 935428139 1000
36481 1238006631 1000
29226 1108594031 1000
29032 1031408383 1000
25399 908622388 1000
34453 1015127093 1000
35075 1175711240 1000
34773 1124221751 1000
31627 983445704 1000
27234 819956063 1000
37767 1077216384 1000
35056 1168642807 1000
25281 973211499 1000
29610 974859636 1000
25955 1016500570 1000
32979 1070810718 1000
36647 1141669420 1000
27096 1093078551 1000
22422 927036324 1000
24123 911997277 1000
22499 851736472 1000
36674 1181601623 1000
33439 1187818601 1000
26021 1055063719 1000
17992 826345083 1000
28602 1080563613 1000
28589 1048981172 1000
35890 1120022860 1000
32856 1129472163 1000
26472 972800068 1000
22693 882856865 1000
26132 935765150 1000
27029 919650864 1000
32461 1171047100 1000
32596 1130087422 1000
25387 916394771 1000
27680 1056392983 1000
32183 991166498 1000
36572 1165083689 1000
30439 1164751460 1000
24037 816336506 1000
24917 858560235 1000
23878 816822443 1000
30920 1088395455 1000
30212 1056732311 1000
27087 1004675337 1000
22788 878411038 1000
20795 936614283 1000
22518 776389224 1000
24950 828985900 1000
39240 1182623596 1000
34962 1118465457 1000
22920 1101741284 1000
21589 815258790 1000
24397 924883098 1000
30144 985163550 1000
35279 1140287530 1000
30186 1131709526 1000
22183 967615822 1000
22471 862316780 1000
24010 817569239 1000
29422 1053373729 1000
35984 1196551790 1000
32414 1261273046 1000
22723 849980227 1000
26432 955669042 1000
22709 815583726 1000
32387 1065085013 1000
31434 1122547728 1000
29936 1156336550 1000
33749 1064447840 1000
30011 889314376 1000
38906 1180574246 1000
35606 1071362974 1000
28346 915773499 1000
27085 840997883 1000
40202 1154453732 1000
38862 1136896202 1000
27259 988127353 1000
30267 985779601 1000
28531 815681482 1000
37779 1106267716 1000
34560 1132090709 1000
26184 982825601 1000
28991 975714268 1000
35560 958890451 1000
40768 1135460646 1000
29489 1144246405 1000
24992 763777180 1000
37283 1132129218 1000
40368 1180167713 1000
35217 1256880026 1000
29642 1050453405 1000
25408 806391293 1000
34089 959852842 1000
39280 1191065511 1000
21218 836221936 1000
23260 880795916 1000
26132 882718935 1000
34837 1149384934 1000
33402 1096950280 1000
27203 925701120 1000
25810 848541844 1000
34965 932455206 1000
32841 1177867468 1000
28478 1009614469 1000
25039 837957451 1000
30010 909537183 1000
36910 1107045327 1000
28416 1012510035 1000
27955 900832979 1000
28980 883092060 1000
34349 1046838464 1000
24404 990231166 1000
27223 1019983698 1000
27366 952469973 1000
32487 1003406978 1000
38738 1137137009 1000
26936 950906560 1000
26261 792423663 1000
23414 836184304 1000
37303 1142528421 1000
30949 1064185113 1000
30385 1074486338 1000
26792 963142657 1000
29355 922933630 1000
35813 1134274479 1000
26542 1138058933 1000
25302 932691304 1000
25648 885077663 1000
27379 986575305 1000
34312 1007016093 1000
34756 1215741738 1000
22314 800332631 1000
23779 918748480 1000
27249 984391444 1000
22810 844950008 1000
34998 1123136909 1000
31940 1059673087 1000
26137 1015501737 1000
23977 874785409 1000
28188 1064881581 1000
27519 886254962 1000
29809 992893315 1000
25064 983863229 1000
20481 882029713 1000
21970 770120893 1000
34252 1121497031 1000
33557 1266805166 1000
30589 1096209797 1000
24085 814404731 1000
26970 941571612 1000
32498 1074926249 1000
30634 1013620866 1000
28943 1098503529 1000
25851 1007908272 1000
24516 789670221 1000
27965 911919343 1000
31688 1013609265 1000
31558 1252280217 1000
24981 966251306 1000
23743 991558656 1000
19874 719435134 1000
36174 1116517399 1000
35671 1163076394 1000
30038 1267745563 1000
27584 1056523996 1000
25127 899497568 1000
34402 1183616676 1000
31560 1185411964 1000
22696 861321324 1000
20708 873791423 1000
27531 902366751 1000
25072 852955240 1000
37980 1190587106 1000
31122 1199805629 1000
25334 954222858 1000
25800 860202112 1000
24080 779572583 1000
36372 1171224480 1000
30602 1231737552 1000
24896 1027774839 1000
26388 923638747 1000
22046 788687600 1000
30639 923019422 1000
28393 1107057170 1000
25841 931753734 1000
28561 1004576723 1000
27593 941603574 1000
30820 1017449770 1000
12764 648921991 1000
0 0 1000
5 148258 1000
